#
# A fatal error has been detected by the Java Runtime Environment:
#
#  EXCEPTION_ACCESS_VIOLATION (0xc0000005) at pc=0x00007ffefd06c164, pid=9780, tid=0x0000000000004d38
#
# JRE version: Java(TM) SE Runtime Environment (8.0_191-b12) (build 1.8.0_191-b12)
# Java VM: Java HotSpot(TM) 64-Bit Server VM (25.191-b12 mixed mode windows-amd64 compressed oops)
# Problematic frame:
# C  [cyjagent.dll+0xc164]
#
# Failed to write core dump. Minidumps are not enabled by default on client versions of Windows
#
# If you would like to submit a bug report, please visit:
#   http://bugreport.java.com/bugreport/crash.jsp
# The crash happened outside the Java Virtual Machine in native code.
# See problematic frame for where to report the bug.
#

---------------  T H R E A D  ---------------

Current thread (0x000000001eb74800):  JavaThread "Monitor Ctrl-Break" daemon [_thread_in_native, id=19768, stack(0x0000000020020000,0x0000000020120000)]

siginfo: ExceptionCode=0xc0000005, reading address 0x0000000000000000

Registers:
RAX=0x0000000000000000, RBX=0x000000001eb749f8, RCX=0x0000000000000000, RDX=0x0000000003278d90
RSP=0x000000002011d880, RBP=0x000000000384f8d0, RSI=0x0000000000000000, RDI=0x000000001eca0b00
R8 =0x0000000000000000, R9 =0x0000000000000000, R10=0x0000000000000000, R11=0x0000000000000002
R12=0x0000000000000001, R13=0x0000000000000000, R14=0x000000002011dfb0, R15=0x0000000000000000
RIP=0x00007ffefd06c164, EFLAGS=0x0000000000010202

Top of Stack: (sp=0x000000002011d880)
0x000000002011d880:   000000001eb749f8 0000000000000000
0x000000002011d890:   000000001eb8c000 000000001eb8c000
0x000000002011d8a0:   0000000000000000 0000000000000000
0x000000002011d8b0:   000000002011d9b0 000000000384f8d0
0x000000002011d8c0:   0000000000000000 000000001eb74800
0x000000002011d8d0:   000000001ec9e7c0 000000002011da70
0x000000002011d8e0:   000000001eb74800 00000000655d2950
0x000000002011d8f0:   0000000003278be0 000000002011d9b9
0x000000002011d900:   0000000003278be0 0000000000000000
0x000000002011d910:   000000001eca0b00 0000000000000000
0x000000002011d920:   00003f64000022e0 000000001ec9e7d0
0x000000002011d930:   000000002011da20 000000002011da28
0x000000002011d940:   000000001ea9d5c0 000000001ec9e7c0
0x000000002011d950:   000000001eca0b20 000000001eca67a8
0x000000002011d960:   00000000000083b0 000000001eb74800
0x000000002011d970:   000000001eb74800 000000001ea9d3c0 

Instructions: (pc=0x00007ffefd06c164)
0x00007ffefd06c144:   ff 15 66 51 01 00 48 8b 0d 67 4c 02 00 4c 8b c7
0x00007ffefd06c154:   33 d2 ff 15 84 50 01 00 48 8b 4d 20 48 8b 55 10
0x00007ffefd06c164:   48 8b 01 48 8b 80 08 01 00 00 ff 15 6c 51 01 00
0x00007ffefd06c174:   85 c0 74 40 48 8b 0d 61 38 02 00 48 8d 15 5a 38 


Register to memory mapping:

RAX=0x0000000000000000 is an unknown value
RBX=0x000000001eb749f8 is an unknown value
RCX=0x0000000000000000 is an unknown value
RDX=0x0000000003278d90 is an unknown value
RSP=0x000000002011d880 is pointing into the stack for thread: 0x000000001eb74800
RBP=0x000000000384f8d0 is an unknown value
RSI=0x0000000000000000 is an unknown value
RDI=0x000000001eca0b00 is an unknown value
R8 =0x0000000000000000 is an unknown value
R9 =0x0000000000000000 is an unknown value
R10=0x0000000000000000 is an unknown value
R11=0x0000000000000002 is an unknown value
R12=0x0000000000000001 is an unknown value
R13=0x0000000000000000 is an unknown value
R14=0x000000002011dfb0 is pointing into the stack for thread: 0x000000001eb74800
R15=0x0000000000000000 is an unknown value


Stack: [0x0000000020020000,0x0000000020120000],  sp=0x000000002011d880,  free space=1014k
Native frames: (J=compiled Java code, j=interpreted, Vv=VM code, C=native code)
C  [cyjagent.dll+0xc164]
V  [jvm.dll+0x1b2950]
V  [jvm.dll+0x1b7585]
V  [jvm.dll+0x1b7792]
V  [jvm.dll+0x5cc2b]
V  [jvm.dll+0x60083]
V  [jvm.dll+0x7d0b9]
V  [jvm.dll+0x7d994]
V  [jvm.dll+0x7f066]
V  [jvm.dll+0x7f0bd]
V  [jvm.dll+0xf8a53]
V  [jvm.dll+0xbc973]
V  [jvm.dll+0xbcb2f]
C  0x0000000003886755

Java frames: (J=compiled Java code, j=interpreted, Vv=VM code)
j  java.net.URI.<init>(Ljava/lang/String;)V+39
j  java.net.SocksSocketImpl.connect(Ljava/net/SocketAddress;I)V+258
j  java.net.Socket.connect(Ljava/net/SocketAddress;I)V+179
j  java.net.Socket.connect(Ljava/net/SocketAddress;)V+3
j  java.net.Socket.<init>(Ljava/net/SocketAddress;Ljava/net/SocketAddress;Z)V+82
j  java.net.Socket.<init>(Ljava/lang/String;I)V+34
j  com.intellij.rt.execution.application.AppMainV2$1.run()V+10
v  ~StubRoutines::call_stub

---------------  P R O C E S S  ---------------

Java Threads: ( => current thread )
  0x000000001eb2a000 JavaThread "Service Thread" daemon [_thread_blocked, id=14752, stack(0x0000000020520000,0x0000000020620000)]
  0x000000001eb27000 JavaThread "C1 CompilerThread3" daemon [_thread_blocked, id=16608, stack(0x0000000020420000,0x0000000020520000)]
  0x000000001eb26000 JavaThread "C2 CompilerThread2" daemon [_thread_blocked, id=13584, stack(0x0000000020320000,0x0000000020420000)]
  0x000000001eb25800 JavaThread "C2 CompilerThread1" daemon [_thread_blocked, id=20288, stack(0x0000000020220000,0x0000000020320000)]
  0x000000001eb23800 JavaThread "C2 CompilerThread0" daemon [_thread_blocked, id=3696, stack(0x0000000020120000,0x0000000020220000)]
=>0x000000001eb74800 JavaThread "Monitor Ctrl-Break" daemon [_thread_in_native, id=19768, stack(0x0000000020020000,0x0000000020120000)]
  0x000000001e9d3800 JavaThread "Attach Listener" daemon [_thread_blocked, id=20372, stack(0x000000001ff20000,0x0000000020020000)]
  0x000000001e9d2800 JavaThread "Signal Dispatcher" daemon [_thread_blocked, id=4032, stack(0x000000001fe20000,0x000000001ff20000)]
  0x000000001d2ec000 JavaThread "Finalizer" daemon [_thread_blocked, id=6884, stack(0x000000001fc20000,0x000000001fd20000)]
  0x000000001e9b3000 JavaThread "Reference Handler" daemon [_thread_blocked, id=3332, stack(0x000000001fb20000,0x000000001fc20000)]

Other Threads:
  0x000000001d2d6800 VMThread [stack: 0x000000001fa20000,0x000000001fb20000] [id=21800]

VM state:at safepoint (normal execution)

VM Mutex/Monitor currently owned by a thread:  ([mutex/lock_event])
[0x00000000032718d0] Threads_lock - owner thread: 0x000000001d2d6800
[0x0000000003279ba0] Heap_lock - owner thread: 0x000000000327b800

Heap:
 PSYoungGen      total 75776K, used 5202K [0x000000076b980000, 0x0000000770e00000, 0x00000007c0000000)
  eden space 65024K, 8% used [0x000000076b980000,0x000000076be94a68,0x000000076f900000)
  from space 10752K, 0% used [0x0000000770380000,0x0000000770380000,0x0000000770e00000)
  to   space 10752K, 0% used [0x000000076f900000,0x000000076f900000,0x0000000770380000)
 ParOldGen       total 173568K, used 0K [0x00000006c2c00000, 0x00000006cd580000, 0x000000076b980000)
  object space 173568K, 0% used [0x00000006c2c00000,0x00000006c2c00000,0x00000006cd580000)
 Metaspace       used 3097K, capacity 4500K, committed 4864K, reserved 1056768K
  class space    used 339K, capacity 388K, committed 512K, reserved 1048576K

Card table byte_map: [0x0000000012c20000,0x0000000013410000] byte_map_base: 0x000000000f60a000

Marking Bits: (ParMarkBitMap*) 0x0000000065c43e30
 Begin Bits: [0x0000000014260000, 0x00000000181b0000)
 End Bits:   [0x00000000181b0000, 0x000000001c100000)

Polling page: 0x0000000000de0000

CodeCache: size=245760Kb used=1140Kb max_used=1140Kb free=244620Kb
 bounds [0x0000000003860000, 0x0000000003ad0000, 0x0000000012860000]
 total_blobs=283 nmethods=33 adapters=163
 compilation: enabled

Compilation events (10 events):
Event: 0.318 Thread 0x000000001eb26000   11       4       java.lang.Character::toLowerCase (9 bytes)
Event: 0.319 Thread 0x000000001eb26000 nmethod 11 0x0000000003973410 code [0x0000000003973540, 0x00000000039735f8]
Event: 0.319 Thread 0x000000001eb26000   20       4       sun.nio.cs.SingleByte$Decoder::decode (11 bytes)
Event: 0.320 Thread 0x000000001eb25800 nmethod 31 0x0000000003972d90 code [0x0000000003972ee0, 0x0000000003973228]
Event: 0.320 Thread 0x000000001eb25800   12       4       java.lang.CharacterDataLatin1::toLowerCase (39 bytes)
Event: 0.320 Thread 0x000000001eb26000 nmethod 20 0x0000000003972b10 code [0x0000000003972c40, 0x0000000003972cf8]
Event: 0.320 Thread 0x000000001eb25800 nmethod 12 0x0000000003972850 code [0x0000000003972980, 0x0000000003972a58]
Event: 0.321 Thread 0x000000001eb23800 nmethod 30 0x0000000003977950 code [0x0000000003977aa0, 0x0000000003978028]
Event: 0.321 Thread 0x000000001eb27000 nmethod 33 0x0000000003979f50 code [0x000000000397a420, 0x000000000397e2b8]
Event: 0.321 Thread 0x000000001eb27000   36       3       java.lang.String::replace (127 bytes)

GC Heap History (0 events):
No events

Deoptimization events (0 events):
No events

Classes redefined (1 events):
Event: 0.311 Thread 0x000000001d2d6800 redefined class name=java.io.FileOutputStream, count=1

Internal exceptions (10 events):
Event: 0.280 Thread 0x000000000327b800 Exception <a 'java/security/PrivilegedActionException'> (0x000000076bb0faf8) thrown at [C:\re\workspace\8-2-build-windows-amd64-cygwin\jdk8u191\11896\hotspot\src\share\vm\prims\jvm.cpp, line 1435]
Event: 0.281 Thread 0x000000000327b800 Exception <a 'java/util/zip/ZipException'> (0x000000076bb14a08) thrown at [C:\re\workspace\8-2-build-windows-amd64-cygwin\jdk8u191\11896\hotspot\src\share\vm\prims\jni.cpp, line 709]
Event: 0.281 Thread 0x000000000327b800 Exception <a 'java/security/PrivilegedActionException'> (0x000000076bb14c10) thrown at [C:\re\workspace\8-2-build-windows-amd64-cygwin\jdk8u191\11896\hotspot\src\share\vm\prims\jvm.cpp, line 1435]
Event: 0.281 Thread 0x000000000327b800 Exception <a 'java/security/PrivilegedActionException'> (0x000000076bb14e20) thrown at [C:\re\workspace\8-2-build-windows-amd64-cygwin\jdk8u191\11896\hotspot\src\share\vm\prims\jvm.cpp, line 1435]
Event: 0.282 Thread 0x000000000327b800 Exception <a 'java/util/zip/ZipException'> (0x000000076bb19c18) thrown at [C:\re\workspace\8-2-build-windows-amd64-cygwin\jdk8u191\11896\hotspot\src\share\vm\prims\jni.cpp, line 709]
Event: 0.282 Thread 0x000000000327b800 Exception <a 'java/security/PrivilegedActionException'> (0x000000076bb19e20) thrown at [C:\re\workspace\8-2-build-windows-amd64-cygwin\jdk8u191\11896\hotspot\src\share\vm\prims\jvm.cpp, line 1435]
Event: 0.282 Thread 0x000000000327b800 Exception <a 'java/security/PrivilegedActionException'> (0x000000076bb1a030) thrown at [C:\re\workspace\8-2-build-windows-amd64-cygwin\jdk8u191\11896\hotspot\src\share\vm\prims\jvm.cpp, line 1435]
Event: 0.283 Thread 0x000000000327b800 Exception <a 'java/util/zip/ZipException'> (0x000000076bb1ee28) thrown at [C:\re\workspace\8-2-build-windows-amd64-cygwin\jdk8u191\11896\hotspot\src\share\vm\prims\jni.cpp, line 709]
Event: 0.283 Thread 0x000000000327b800 Exception <a 'java/security/PrivilegedActionException'> (0x000000076bb1f030) thrown at [C:\re\workspace\8-2-build-windows-amd64-cygwin\jdk8u191\11896\hotspot\src\share\vm\prims\jvm.cpp, line 1435]
Event: 0.283 Thread 0x000000000327b800 Exception <a 'java/security/PrivilegedActionException'> (0x000000076bb1f240) thrown at [C:\re\workspace\8-2-build-windows-amd64-cygwin\jdk8u191\11896\hotspot\src\share\vm\prims\jvm.cpp, line 1435]

Events (10 events):
Event: 0.321 loading class java/net/URI
Event: 0.321 Thread 0x000000000327b800 Thread exited: 0x000000000327b800
Event: 0.321 Thread 0x000000000327b800 Thread added: 0x000000000327b800
Event: 0.321 loading class java/net/URI done
Event: 0.321 loading class java/lang/Shutdown
Event: 0.321 loading class java/lang/Shutdown done
Event: 0.321 loading class java/lang/Shutdown$Lock
Event: 0.321 loading class java/lang/Shutdown$Lock done
Event: 0.321 loading class java/net/URI$Parser
Event: 0.321 Thread 0x000000000327b800 Thread exited: 0x000000000327b800


Dynamic libraries:
0x00007ff6f1be0000 - 0x00007ff6f1c17000 	C:\Program Files\Java\jdk1.8.0_191\bin\java.exe
0x00007ffefd820000 - 0x00007ffefda10000 	C:\Windows\SYSTEM32\ntdll.dll
0x00007ffefd550000 - 0x00007ffefd602000 	C:\Windows\System32\KERNEL32.DLL
0x00007ffefd2a0000 - 0x00007ffefd545000 	C:\Windows\System32\KERNELBASE.dll
0x0000000033af0000 - 0x0000000033b2b000 	C:\Windows\System32\cyinjct.dll
0x00007ffefd130000 - 0x00007ffefd13c000 	C:\Windows\System32\ntnativeapi.dll
0x00007ffefd110000 - 0x00007ffefd12e000 	C:\Windows\System32\cyvera.dll
0x00007ffefd0a0000 - 0x00007ffefd109000 	C:\Windows\System32\cyvrtrap.dll
0x00007ffefb4d0000 - 0x00007ffefb573000 	C:\Windows\System32\ADVAPI32.dll
0x00007ffefc260000 - 0x00007ffefc2fe000 	C:\Windows\System32\msvcrt.dll
0x00007ffefc450000 - 0x00007ffefc4e7000 	C:\Windows\System32\sechost.dll
0x00007ffefd180000 - 0x00007ffefd29f000 	C:\Windows\System32\RPCRT4.dll
0x00007ffefd610000 - 0x00007ffefd7a4000 	C:\Windows\System32\USER32.dll
0x00007ffefa9c0000 - 0x00007ffefa9e1000 	C:\Windows\System32\win32u.dll
0x00007ffefc370000 - 0x00007ffefc396000 	C:\Windows\System32\GDI32.dll
0x00007ffefa6e0000 - 0x00007ffefa878000 	C:\Windows\System32\gdi32full.dll
0x00007ffefa640000 - 0x00007ffefa6de000 	C:\Windows\System32\msvcp_win.dll
0x00007ffefb1c0000 - 0x00007ffefb2ba000 	C:\Windows\System32\ucrtbase.dll
0x00007ffede2a0000 - 0x00007ffede524000 	C:\Windows\WinSxS\amd64_microsoft.windows.common-controls_6595b64144ccf1df_6.0.18362.1556_none_9e7e372fe45e41d5\COMCTL32.dll
0x00007ffefb8f0000 - 0x00007ffefbc26000 	C:\Windows\System32\combase.dll
0x00007ffefa930000 - 0x00007ffefa9b1000 	C:\Windows\System32\bcryptPrimitives.dll
0x00007ffefc3b0000 - 0x00007ffefc3de000 	C:\Windows\System32\IMM32.DLL
0x0000000065cd0000 - 0x0000000065da2000 	C:\Program Files\Java\jdk1.8.0_191\jre\bin\msvcr100.dll
0x0000000065420000 - 0x0000000065cc4000 	C:\Program Files\Java\jdk1.8.0_191\jre\bin\server\jvm.dll
0x00007ffefc300000 - 0x00007ffefc308000 	C:\Windows\System32\PSAPI.DLL
0x00007ffeeb930000 - 0x00007ffeeb939000 	C:\Windows\SYSTEM32\WSOCK32.dll
0x00007ffefc3e0000 - 0x00007ffefc44f000 	C:\Windows\System32\WS2_32.dll
0x00007ffef8680000 - 0x00007ffef86a4000 	C:\Windows\SYSTEM32\WINMM.dll
0x00007ffef53a0000 - 0x00007ffef53aa000 	C:\Windows\SYSTEM32\VERSION.dll
0x00007ffef8650000 - 0x00007ffef867d000 	C:\Windows\SYSTEM32\WINMMBASE.dll
0x00007ffefb170000 - 0x00007ffefb1ba000 	C:\Windows\System32\cfgmgr32.dll
0x00000000661c0000 - 0x00000000661cf000 	C:\Program Files\Java\jdk1.8.0_191\jre\bin\verify.dll
0x00000000653f0000 - 0x0000000065419000 	C:\Program Files\Java\jdk1.8.0_191\jre\bin\java.dll
0x00000000653c0000 - 0x00000000653e3000 	C:\Program Files\Java\jdk1.8.0_191\jre\bin\instrument.dll
0x00007ffefd060000 - 0x00007ffefd097000 	C:\Program Files\Palo Alto Networks\Traps\cyjagent.dll
0x00000000653a0000 - 0x00000000653b6000 	C:\Program Files\Java\jdk1.8.0_191\jre\bin\zip.dll
0x00007ffefc5c0000 - 0x00007ffefcca7000 	C:\Windows\System32\SHELL32.dll
0x00007ffefcda0000 - 0x00007ffefce48000 	C:\Windows\System32\shcore.dll
0x00007ffefa9f0000 - 0x00007ffefb16b000 	C:\Windows\System32\windows.storage.dll
0x00007ffefa600000 - 0x00007ffefa61e000 	C:\Windows\System32\profapi.dll
0x00007ffefa5b0000 - 0x00007ffefa5fa000 	C:\Windows\System32\powrprof.dll
0x00007ffefa580000 - 0x00007ffefa590000 	C:\Windows\System32\UMPDC.dll
0x00007ffefc310000 - 0x00007ffefc362000 	C:\Windows\System32\shlwapi.dll
0x00007ffefa620000 - 0x00007ffefa631000 	C:\Windows\System32\kernel.appcore.dll
0x00007ffefa8b0000 - 0x00007ffefa8c7000 	C:\Windows\System32\cryptsp.dll
0x00007ffeeb8b0000 - 0x00007ffeeb8ca000 	C:\Program Files\Android\Android Studio\bin\breakgen64.dll
0x0000000065380000 - 0x000000006539a000 	C:\Program Files\Java\jdk1.8.0_191\jre\bin\net.dll
0x00007ffef9dc0000 - 0x00007ffef9e27000 	C:\Windows\system32\mswsock.dll
0x00007ffee8920000 - 0x00007ffee8b14000 	C:\Windows\SYSTEM32\dbghelp.dll

VM Arguments:
jvm_args: -javaagent:C:\Program Files\Android\Android Studio\lib\idea_rt.jar=62391:C:\Program Files\Android\Android Studio\bin -Dfile.encoding=UTF-8 -agentpath:C:\Program Files\Palo Alto Networks\Traps\cyjagent.dll 
java_command: com.example.kotlinbasics.GoogleLRUCacheKt
java_class_path (initial): C:\Users\f.r.malikov\AppData\Local\Android\Sdk\platforms\android-33\android.jar;C:\Users\f.r.malikov\AppData\Local\Android\Sdk\platforms\android-33\data\res;E:\AndroidProjects\KotlinBasics\app\build\intermediates\javac\debug\classes;E:\AndroidProjects\KotlinBasics\app\build\tmp\kotlin-classes\debug;E:\AndroidProjects\KotlinBasics\app\build\intermediates\compile_and_runtime_not_namespaced_r_class_jar\debug\R.jar;E:\AndroidProjects\KotlinBasics\app\build\generated\res\resValues\debug;C:\Users\f.r.malikov\.gradle\caches\transforms-3\2ec568ca8a23d0a7d686a0306987cfad\transformed\core-ktx-1.9.0\jars\classes.jar;C:\Users\f.r.malikov\.gradle\caches\transforms-3\2ec568ca8a23d0a7d686a0306987cfad\transformed\core-ktx-1.9.0\res;C:\Users\f.r.malikov\.gradle\caches\transforms-3\2ec568ca8a23d0a7d686a0306987cfad\transformed\core-ktx-1.9.0\AndroidManifest.xml;C:\Users\f.r.malikov\.gradle\caches\transforms-3\b45de8be38c201a875445beea0ead438\transformed\core-1.9.0\jars\classes.jar;C:\Users\f.r.malikov\.gradle\caches\transforms-3\b45de8be38c201a875445beea0ead438\transformed\core-1.9.0\res;C:\Users\f.r.malikov\.gradle\caches\transforms-3\b45de8be38c201a875445beea0ead438\transformed\core-1.9.0\AndroidManifest.xml;C:\Users\f.r.malikov\.gradle\caches\transforms-3\d6aaa61e344e7d8a9104f1d3945195e2\transformed\annotation-experimental-1.3.0\jars\classes.jar;C:\Users\f.r.malikov\.gradle\caches\transforms-3\d6aaa61e344e7d8a9104f1d3945195e2\transformed\annotation-experimental-1.3.0\res;C:\Users\f.r.malikov\.gradle\caches\transforms-3\d6aaa61e344e7d8a9104f1d3945195e2\transformed\annotation-experimental-1.3.0\AndroidManifest.xml;C:\Users\f.r.malikov\.gradle\caches\transforms-3\82df514e3746b82a9e09b1dd810a3303\transformed\lifecycle-runtime-2.5.1\jars\classes.jar;C:\Users\f.r.malikov\.gradle\caches\transforms-3\82df514e3746b82a9e09b1dd810a3303\transformed\lifecycle-runtime-2.5.1\res;C:\Users\f.r.malikov\.gradle\caches\transforms-3\82df514e3746b82a9e09b1dd810a3303\transfor
Launcher Type: SUN_STANDARD

Environment Variables:
JAVA_HOME=C:\Program Files\Java\jdk1.8.0_191
PATH=c:\oracle\product\10.2.0\client_1\bin;C:\Program Files (x86)\Common Files\Oracle\Java\javapath;C:\Windows\system32;C:\Windows;C:\Windows\System32\Wbem;C:\Windows\System32\WindowsPowerShell\v1.0\;C:\Windows\System32\OpenSSH\;C:\Program Files\Aladdin\eToken\PKIClient\x32;C:\Program Files\Aladdin\eToken\PKIClient\x64;C:\Program Files\Microsoft SQL Server\130\Tools\Binn\;C:\Program Files\Microsoft SQL Server\Client SDK\ODBC\170\Tools\Binn\;C:\Program Files\Java\jdk1.8.0_191\bin;C:\Program Files\PuTTY\;C:\Program Files\nodejs\;C:\Program Files\dotnet\;C:\Program Files\VisioForge\VisioForge SDKs .Net TRIAL\Redist\FFMPEG\;C:\Program Files\VisioForge\VisioForge SDKs .Net TRIAL\Redist\DotNet\4.0\x64\;C:\Program Files\VisioForge\VisioForge SDKs .Net TRIAL\Redist\Filters\;C:\Users\f.r.malikov\AppData\Local\Microsoft\WindowsApps;C:\Users\f.r.malikov\AppData\Local\Programs\Git\cmd;C:\Users\f.r.malikov\AppData\Roaming\npm;C:\Program Files\nodejs\;;C:\Users\f.r.malikov\AppData\Local\Programs\Microsoft VS Code\bin;C:\Users\f.r.malikov\.dotnet\tools;C:\Users\f.r.malikov\.dotnet\tools
USERNAME=f.r.malikov
OS=Windows_NT
PROCESSOR_IDENTIFIER=Intel64 Family 6 Model 158 Stepping 10, GenuineIntel



---------------  S Y S T E M  ---------------

OS: Windows 10.0 , 64 bit Build 18362 (10.0.18362.1500)

CPU:total 12 (initial active 12) (6 cores per cpu, 2 threads per core) family 6 model 158 stepping 10, cmov, cx8, fxsr, mmx, sse, sse2, sse3, ssse3, sse4.1, sse4.2, popcnt, avx, avx2, aes, clmul, erms, rtm, 3dnowpref, lzcnt, ht, tsc, tscinvbit, bmi1, bmi2, adx

Memory: 4k page, physical 16595892k(6293708k free), swap 20790196k(6861180k free)

vm_info: Java HotSpot(TM) 64-Bit Server VM (25.191-b12) for windows-amd64 JRE (1.8.0_191-b12), built on Oct  6 2018 09:29:03 by "java_re" with MS VC++ 10.0 (VS2010)

time: Mon Jan 22 15:09:58 2024
elapsed time: 0 seconds (0d 0h 0m 0s)

